<?xml version="1.0" encoding="UTF-8"?>
<testng-results ignored="0" total="1" passed="1" failed="0" skipped="0">
  <reporter-output>
    <line>
      <![CDATA[---------Hello Bangalore----------]]>
    </line>
  </reporter-output>
  <suite started-at="2023-07-29T16:34:09 IST" name="Default suite" finished-at="2023-07-29T16:34:09 IST" duration-ms="114">
    <groups>
    </groups>
    <test started-at="2023-07-29T16:34:09 IST" name="Default test" finished-at="2023-07-29T16:34:09 IST" duration-ms="114">
      <class name="com.actitime.TestScript.DemoHello">
        <test-method signature="testHelloworld()[pri:0, instance:com.actitime.TestScript.DemoHello@1bd4fdd]" started-at="2023-07-29T16:34:09 IST" name="testHelloworld" finished-at="2023-07-29T16:34:09 IST" duration-ms="18" status="PASS">
          <reporter-output>
            <line>
              <![CDATA[---------Hello Bangalore----------]]>
            </line>
          </reporter-output>
        </test-method> <!-- testHelloworld -->
      </class> <!-- com.actitime.TestScript.DemoHello -->
    </test> <!-- Default test -->
  </suite> <!-- Default suite -->
</testng-results>
